Using pre-set license
Built from '2021.1/staging' branch; Version is '2021.1.7f1 (d91830b65d9b) revision 14227504'; Using compiler version '192528614'; Build Type 'Release'
OS: 'Windows 10 Enterprise; OS build 19042.1052; Version 2009; 64bit' Language: 'en' Physical Memory: 32622 MB
BatchMode: 1, IsHumanControllingUs: 0, StartBugReporterOnCrash: 0, Is64bit: 1, IsPro: 0

 COMMAND LINE ARGUMENTS:
D:\Programs\Unity Editors\2021.1.7f1\Editor\Unity.exe
-adb2
-batchMode
-noUpm
-name
AssetImportWorker0
-projectPath
C:/Users/Cezeta/Desktop/Prototype/Prototype
-logFile
Logs/AssetImportWorker0.log
-srvPort
58279
Successfully changed project path to: C:/Users/Cezeta/Desktop/Prototype/Prototype
C:/Users/Cezeta/Desktop/Prototype/Prototype
Using Asset Import Pipeline V2.
Refreshing native plugins compatible for Editor in 62.04 ms, found 2 plugins.
Preloading 0 native plugins for Editor in 0.00 ms.
Initialize engine version: 2021.1.7f1 (d91830b65d9b)
[Subsystems] Discovering subsystems at path D:/Programs/Unity Editors/2021.1.7f1/Editor/Data/Resources/UnitySubsystems
[Subsystems] Discovering subsystems at path C:/Users/Cezeta/Desktop/Prototype/Prototype/Assets
GfxDevice: creating device client; threaded=0; jobified=0
Direct3D:
    Version:  Direct3D 11.0 [level 11.1]
    Renderer: NVIDIA GeForce RTX 3060 (ID=0x2503)
    Vendor:   NVIDIA
    VRAM:     12143 MB
    Driver:   27.21.14.6627
Initialize mono
Mono path[0] = 'D:/Programs/Unity Editors/2021.1.7f1/Editor/Data/Managed'
Mono path[1] = 'D:/Programs/Unity Editors/2021.1.7f1/Editor/Data/MonoBleedingEdge/lib/mono/unityjit'
Mono config path = 'D:/Programs/Unity Editors/2021.1.7f1/Editor/Data/MonoBleedingEdge/etc'
Using monoOptions --debugger-agent=transport=dt_socket,embedding=1,server=y,suspend=n,address=127.0.0.1:56628
Begin MonoManager ReloadAssembly
Registering precompiled unity dll's ...
Register platform support module: D:/Programs/Unity Editors/2021.1.7f1/Editor/Data/PlaybackEngines/WindowsStandaloneSupport/UnityEditor.WindowsStandalone.Extensions.dll
Registered in 0.000709 seconds.
Native extension for WindowsStandalone target not found
Refreshing native plugins compatible for Editor in 66.20 ms, found 2 plugins.
Preloading 0 native plugins for Editor in 0.00 ms.
Mono: successfully reloaded assembly
- Completed reload, in  0.805 seconds
Platform modules already initialized, skipping
Registering precompiled user dll's ...
Registered in 0.001501 seconds.
Begin MonoManager ReloadAssembly
Symbol file LoadedFromMemory doesn't match image C:\Users\Cezeta\Desktop\Prototype\Prototype\Library\PackageCache\com.unity.visualscripting@1.6.1\Editor\VisualScripting.Core\Dependencies\YamlDotNet\Unity.VisualScripting.YamlDotNet.dll
Symbol file LoadedFromMemory doesn't match image C:\Users\Cezeta\Desktop\Prototype\Prototype\Library\PackageCache\com.unity.visualscripting@1.6.1\Editor\VisualScripting.Core\Dependencies\DotNetZip\Unity.VisualScripting.IonicZip.dll
Native extension for WindowsStandalone target not found
Refreshing native plugins compatible for Editor in 66.04 ms, found 2 plugins.
Preloading 0 native plugins for Editor in 0.00 ms.
Mono: successfully reloaded assembly
- Completed reload, in  0.742 seconds
Platform modules already initialized, skipping
========================================================================
Worker process is ready to serve import requests
Launched and connected shader compiler UnityShaderCompiler.exe after 0.05 seconds
Refreshing native plugins compatible for Editor in 0.44 ms, found 2 plugins.
Preloading 0 native plugins for Editor in 0.00 ms.
Unloading 3413 Unused Serialized files (Serialized files now loaded: 0)
System memory in use before: 131.6 MB.
System memory in use after: 131.7 MB.

Unloading 28 unused Assets to reduce memory usage. Loaded Objects now: 3871.
Total: 2.208400 ms (FindLiveObjects: 0.330400 ms CreateObjectMapping: 0.157700 ms MarkObjects: 1.605600 ms  DeleteObjects: 0.113400 ms)

========================================================================
Received Import Request.
  path: Assets/Scripts/TurnSystem.cs
  artifactKey: Guid(97f21546aaed658478a586a612d7442a) Importer(815301076,1909f56bfc062723c751e8b465ee728b)
Start importing Assets/Scripts/TurnSystem.cs using Guid(97f21546aaed658478a586a612d7442a) Importer(815301076,1909f56bfc062723c751e8b465ee728b)  -> (artifact id: 'ab4f2a0a7d99958801ab904d89aebab2') in 0.120081 seconds 
========================================================================
Received Prepare
Refreshing native plugins compatible for Editor in 1.62 ms, found 2 plugins.
Preloading 0 native plugins for Editor in 0.00 ms.
Unloading 14 Unused Serialized files (Serialized files now loaded: 0)
System memory in use before: 63.1 MB.
System memory in use after: 63.2 MB.

Unloading 14 unused Assets to reduce memory usage. Loaded Objects now: 3871.
Total: 1.449800 ms (FindLiveObjects: 0.151900 ms CreateObjectMapping: 0.069800 ms MarkObjects: 1.168300 ms  DeleteObjects: 0.059100 ms)

========================================================================
Received Import Request.
  Time since last request: 67.373112 seconds.
  path: Assets/Scripts/TurnSystem.cs
  artifactKey: Guid(97f21546aaed658478a586a612d7442a) Importer(815301076,1909f56bfc062723c751e8b465ee728b)
Start importing Assets/Scripts/TurnSystem.cs using Guid(97f21546aaed658478a586a612d7442a) Importer(815301076,1909f56bfc062723c751e8b465ee728b)  -> (artifact id: 'a5ba70b99f957f7f991fb68d90378ab6') in 0.001201 seconds 
========================================================================
Received Import Request.
  Time since last request: 75.851319 seconds.
  path: Assets/Scripts/TurnSystem.cs
  artifactKey: Guid(97f21546aaed658478a586a612d7442a) Importer(815301076,1909f56bfc062723c751e8b465ee728b)
Start importing Assets/Scripts/TurnSystem.cs using Guid(97f21546aaed658478a586a612d7442a) Importer(815301076,1909f56bfc062723c751e8b465ee728b)  -> (artifact id: '33b910089d0442d5eaa0666e875cc32e') in 0.001229 seconds 
========================================================================
Received Import Request.
  Time since last request: 17.369114 seconds.
  path: Assets/Scripts/TurnSystem.cs
  artifactKey: Guid(97f21546aaed658478a586a612d7442a) Importer(815301076,1909f56bfc062723c751e8b465ee728b)
Start importing Assets/Scripts/TurnSystem.cs using Guid(97f21546aaed658478a586a612d7442a) Importer(815301076,1909f56bfc062723c751e8b465ee728b)  -> (artifact id: 'e2d1f13123bc98866641b902d21f951c') in 0.001225 seconds 
========================================================================
Received Prepare
Registering precompiled user dll's ...
Registered in 0.001501 seconds.
Begin MonoManager ReloadAssembly
Symbol file LoadedFromMemory doesn't match image C:\Users\Cezeta\Desktop\Prototype\Prototype\Library\PackageCache\com.unity.visualscripting@1.6.1\Editor\VisualScripting.Core\Dependencies\YamlDotNet\Unity.VisualScripting.YamlDotNet.dll
Symbol file LoadedFromMemory doesn't match image C:\Users\Cezeta\Desktop\Prototype\Prototype\Library\PackageCache\com.unity.visualscripting@1.6.1\Editor\VisualScripting.Core\Dependencies\DotNetZip\Unity.VisualScripting.IonicZip.dll
Native extension for WindowsStandalone target not found
Refreshing native plugins compatible for Editor in 0.39 ms, found 2 plugins.
Preloading 0 native plugins for Editor in 0.00 ms.
Mono: successfully reloaded assembly
- Completed reload, in  0.648 seconds
Platform modules already initialized, skipping
Refreshing native plugins compatible for Editor in 0.43 ms, found 2 plugins.
Preloading 0 native plugins for Editor in 0.00 ms.
Unloading 3395 Unused Serialized files (Serialized files now loaded: 0)
System memory in use before: 130.3 MB.
System memory in use after: 130.4 MB.

Unloading 16 unused Assets to reduce memory usage. Loaded Objects now: 3875.
Total: 1.564400 ms (FindLiveObjects: 0.157700 ms CreateObjectMapping: 0.080100 ms MarkObjects: 1.254000 ms  DeleteObjects: 0.071800 ms)

========================================================================
Received Prepare
Registering precompiled user dll's ...
Registered in 0.001540 seconds.
Begin MonoManager ReloadAssembly
Symbol file LoadedFromMemory doesn't match image C:\Users\Cezeta\Desktop\Prototype\Prototype\Library\PackageCache\com.unity.visualscripting@1.6.1\Editor\VisualScripting.Core\Dependencies\YamlDotNet\Unity.VisualScripting.YamlDotNet.dll
Symbol file LoadedFromMemory doesn't match image C:\Users\Cezeta\Desktop\Prototype\Prototype\Library\PackageCache\com.unity.visualscripting@1.6.1\Editor\VisualScripting.Core\Dependencies\DotNetZip\Unity.VisualScripting.IonicZip.dll
Native extension for WindowsStandalone target not found
Refreshing native plugins compatible for Editor in 0.43 ms, found 2 plugins.
Preloading 0 native plugins for Editor in 0.00 ms.
Mono: successfully reloaded assembly
- Completed reload, in  0.628 seconds
Platform modules already initialized, skipping
Refreshing native plugins compatible for Editor in 0.41 ms, found 2 plugins.
Preloading 0 native plugins for Editor in 0.00 ms.
Unloading 3395 Unused Serialized files (Serialized files now loaded: 0)
System memory in use before: 130.4 MB.
System memory in use after: 130.5 MB.

Unloading 16 unused Assets to reduce memory usage. Loaded Objects now: 3879.
Total: 1.573700 ms (FindLiveObjects: 0.154100 ms CreateObjectMapping: 0.076300 ms MarkObjects: 1.272400 ms  DeleteObjects: 0.070300 ms)

========================================================================
Received Import Request.
  Time since last request: 178.151567 seconds.
  path: Assets/Thaleah_PixelFont/Materials/ThaleahFat_TTF SDF.asset
  artifactKey: Guid(4d3dba7bf1add9541b31c2811c30a24d) Importer(815301076,1909f56bfc062723c751e8b465ee728b)
Start importing Assets/Thaleah_PixelFont/Materials/ThaleahFat_TTF SDF.asset using Guid(4d3dba7bf1add9541b31c2811c30a24d) Importer(815301076,1909f56bfc062723c751e8b465ee728b)  -> (artifact id: '09adddaa7c825cbf0b8151b10646a5c7') in 0.121499 seconds 
========================================================================
Received Prepare
Registering precompiled user dll's ...
Registered in 0.001434 seconds.
Begin MonoManager ReloadAssembly
Symbol file LoadedFromMemory doesn't match image C:\Users\Cezeta\Desktop\Prototype\Prototype\Library\PackageCache\com.unity.visualscripting@1.6.1\Editor\VisualScripting.Core\Dependencies\YamlDotNet\Unity.VisualScripting.YamlDotNet.dll
Symbol file LoadedFromMemory doesn't match image C:\Users\Cezeta\Desktop\Prototype\Prototype\Library\PackageCache\com.unity.visualscripting@1.6.1\Editor\VisualScripting.Core\Dependencies\DotNetZip\Unity.VisualScripting.IonicZip.dll
Native extension for WindowsStandalone target not found
Refreshing native plugins compatible for Editor in 0.39 ms, found 2 plugins.
Preloading 0 native plugins for Editor in 0.00 ms.
Mono: successfully reloaded assembly
- Completed reload, in  0.631 seconds
Platform modules already initialized, skipping
Refreshing native plugins compatible for Editor in 0.62 ms, found 2 plugins.
Preloading 0 native plugins for Editor in 0.00 ms.
Unloading 3396 Unused Serialized files (Serialized files now loaded: 0)
System memory in use before: 135.0 MB.
System memory in use after: 135.1 MB.

Unloading 16 unused Assets to reduce memory usage. Loaded Objects now: 3940.
Total: 1.525600 ms (FindLiveObjects: 0.138700 ms CreateObjectMapping: 0.064800 ms MarkObjects: 1.254600 ms  DeleteObjects: 0.066900 ms)

========================================================================
Received Prepare
Registering precompiled user dll's ...
Registered in 0.001483 seconds.
Begin MonoManager ReloadAssembly
Symbol file LoadedFromMemory doesn't match image C:\Users\Cezeta\Desktop\Prototype\Prototype\Library\PackageCache\com.unity.visualscripting@1.6.1\Editor\VisualScripting.Core\Dependencies\YamlDotNet\Unity.VisualScripting.YamlDotNet.dll
Symbol file LoadedFromMemory doesn't match image C:\Users\Cezeta\Desktop\Prototype\Prototype\Library\PackageCache\com.unity.visualscripting@1.6.1\Editor\VisualScripting.Core\Dependencies\DotNetZip\Unity.VisualScripting.IonicZip.dll
Native extension for WindowsStandalone target not found
Refreshing native plugins compatible for Editor in 0.37 ms, found 2 plugins.
Preloading 0 native plugins for Editor in 0.00 ms.
Mono: successfully reloaded assembly
- Completed reload, in  0.609 seconds
Platform modules already initialized, skipping
Refreshing native plugins compatible for Editor in 0.41 ms, found 2 plugins.
Preloading 0 native plugins for Editor in 0.00 ms.
Unloading 3395 Unused Serialized files (Serialized files now loaded: 0)
System memory in use before: 135.0 MB.
System memory in use after: 135.1 MB.

Unloading 16 unused Assets to reduce memory usage. Loaded Objects now: 3944.
Total: 1.645500 ms (FindLiveObjects: 0.173900 ms CreateObjectMapping: 0.076600 ms MarkObjects: 1.327500 ms  DeleteObjects: 0.066500 ms)

========================================================================
Received Prepare
Refreshing native plugins compatible for Editor in 1.65 ms, found 2 plugins.
Preloading 0 native plugins for Editor in 0.00 ms.
Unloading 14 Unused Serialized files (Serialized files now loaded: 0)
System memory in use before: 68.0 MB.
System memory in use after: 68.2 MB.

Unloading 14 unused Assets to reduce memory usage. Loaded Objects now: 3944.
Total: 1.622800 ms (FindLiveObjects: 0.142800 ms CreateObjectMapping: 0.067600 ms MarkObjects: 1.348500 ms  DeleteObjects: 0.063400 ms)

========================================================================
Received Prepare
Refreshing native plugins compatible for Editor in 1.70 ms, found 2 plugins.
Preloading 0 native plugins for Editor in 0.00 ms.
Unloading 14 Unused Serialized files (Serialized files now loaded: 0)
System memory in use before: 68.1 MB.
System memory in use after: 68.2 MB.

Unloading 14 unused Assets to reduce memory usage. Loaded Objects now: 3944.
Total: 1.641100 ms (FindLiveObjects: 0.169300 ms CreateObjectMapping: 0.082400 ms MarkObjects: 1.314300 ms  DeleteObjects: 0.074400 ms)

========================================================================
Received Import Request.
  Time since last request: 265.281940 seconds.
  path: Assets/Scripts/ObjectTween.cs
  artifactKey: Guid(162ac035134c2c845a9c7b7e68fa93ab) Importer(815301076,1909f56bfc062723c751e8b465ee728b)
Start importing Assets/Scripts/ObjectTween.cs using Guid(162ac035134c2c845a9c7b7e68fa93ab) Importer(815301076,1909f56bfc062723c751e8b465ee728b)  -> (artifact id: '0fe75cc017a7f2def07deba5314e8cb8') in 0.002174 seconds 
========================================================================
Received Import Request.
  Time since last request: 0.912359 seconds.
  path: Assets/Scripts/TurnSystem.cs
  artifactKey: Guid(97f21546aaed658478a586a612d7442a) Importer(815301076,1909f56bfc062723c751e8b465ee728b)
Start importing Assets/Scripts/TurnSystem.cs using Guid(97f21546aaed658478a586a612d7442a) Importer(815301076,1909f56bfc062723c751e8b465ee728b)  -> (artifact id: '95529a793e58e554f422be6715997a4f') in 0.001218 seconds 
========================================================================
Received Prepare
Registering precompiled user dll's ...
Registered in 0.001517 seconds.
Begin MonoManager ReloadAssembly
Symbol file LoadedFromMemory doesn't match image C:\Users\Cezeta\Desktop\Prototype\Prototype\Library\PackageCache\com.unity.visualscripting@1.6.1\Editor\VisualScripting.Core\Dependencies\YamlDotNet\Unity.VisualScripting.YamlDotNet.dll
Symbol file LoadedFromMemory doesn't match image C:\Users\Cezeta\Desktop\Prototype\Prototype\Library\PackageCache\com.unity.visualscripting@1.6.1\Editor\VisualScripting.Core\Dependencies\DotNetZip\Unity.VisualScripting.IonicZip.dll
Native extension for WindowsStandalone target not found
Refreshing native plugins compatible for Editor in 0.39 ms, found 2 plugins.
Preloading 0 native plugins for Editor in 0.00 ms.
Mono: successfully reloaded assembly
- Completed reload, in  0.626 seconds
Platform modules already initialized, skipping
Refreshing native plugins compatible for Editor in 0.42 ms, found 2 plugins.
Preloading 0 native plugins for Editor in 0.00 ms.
Unloading 3395 Unused Serialized files (Serialized files now loaded: 0)
System memory in use before: 135.0 MB.
System memory in use after: 135.1 MB.

Unloading 16 unused Assets to reduce memory usage. Loaded Objects now: 3948.
Total: 1.482200 ms (FindLiveObjects: 0.146400 ms CreateObjectMapping: 0.073300 ms MarkObjects: 1.196400 ms  DeleteObjects: 0.065500 ms)

========================================================================
Received Import Request.
  Time since last request: 152.034974 seconds.
  path: Assets/Scripts/TurnSystem.cs
  artifactKey: Guid(97f21546aaed658478a586a612d7442a) Importer(815301076,1909f56bfc062723c751e8b465ee728b)
Start importing Assets/Scripts/TurnSystem.cs using Guid(97f21546aaed658478a586a612d7442a) Importer(815301076,1909f56bfc062723c751e8b465ee728b)  -> (artifact id: 'd532fcfa9d4eb0689b57cf6524ac6a5b') in 0.004200 seconds 
========================================================================
Received Prepare
Registering precompiled user dll's ...
Registered in 0.001527 seconds.
Begin MonoManager ReloadAssembly
Symbol file LoadedFromMemory doesn't match image C:\Users\Cezeta\Desktop\Prototype\Prototype\Library\PackageCache\com.unity.visualscripting@1.6.1\Editor\VisualScripting.Core\Dependencies\YamlDotNet\Unity.VisualScripting.YamlDotNet.dll
Symbol file LoadedFromMemory doesn't match image C:\Users\Cezeta\Desktop\Prototype\Prototype\Library\PackageCache\com.unity.visualscripting@1.6.1\Editor\VisualScripting.Core\Dependencies\DotNetZip\Unity.VisualScripting.IonicZip.dll
Native extension for WindowsStandalone target not found
Refreshing native plugins compatible for Editor in 0.39 ms, found 2 plugins.
Preloading 0 native plugins for Editor in 0.00 ms.
Mono: successfully reloaded assembly
- Completed reload, in  0.603 seconds
Platform modules already initialized, skipping
Refreshing native plugins compatible for Editor in 0.40 ms, found 2 plugins.
Preloading 0 native plugins for Editor in 0.00 ms.
Unloading 3395 Unused Serialized files (Serialized files now loaded: 0)
System memory in use before: 135.0 MB.
System memory in use after: 135.1 MB.

Unloading 16 unused Assets to reduce memory usage. Loaded Objects now: 3952.
Total: 1.525400 ms (FindLiveObjects: 0.149400 ms CreateObjectMapping: 0.074200 ms MarkObjects: 1.234600 ms  DeleteObjects: 0.066600 ms)

========================================================================
Received Prepare
Refreshing native plugins compatible for Editor in 1.64 ms, found 2 plugins.
Preloading 0 native plugins for Editor in 0.00 ms.
Unloading 14 Unused Serialized files (Serialized files now loaded: 0)
System memory in use before: 68.1 MB.
System memory in use after: 68.2 MB.

Unloading 14 unused Assets to reduce memory usage. Loaded Objects now: 3952.
Total: 1.745000 ms (FindLiveObjects: 0.148000 ms CreateObjectMapping: 0.078400 ms MarkObjects: 1.429200 ms  DeleteObjects: 0.088600 ms)

========================================================================
Received Prepare
Registering precompiled user dll's ...
Registered in 0.001593 seconds.
Begin MonoManager ReloadAssembly
Symbol file LoadedFromMemory doesn't match image C:\Users\Cezeta\Desktop\Prototype\Prototype\Library\PackageCache\com.unity.visualscripting@1.6.1\Editor\VisualScripting.Core\Dependencies\YamlDotNet\Unity.VisualScripting.YamlDotNet.dll
Symbol file LoadedFromMemory doesn't match image C:\Users\Cezeta\Desktop\Prototype\Prototype\Library\PackageCache\com.unity.visualscripting@1.6.1\Editor\VisualScripting.Core\Dependencies\DotNetZip\Unity.VisualScripting.IonicZip.dll
Native extension for WindowsStandalone target not found
Refreshing native plugins compatible for Editor in 0.37 ms, found 2 plugins.
Preloading 0 native plugins for Editor in 0.00 ms.
Mono: successfully reloaded assembly
- Completed reload, in  0.605 seconds
Platform modules already initialized, skipping
Refreshing native plugins compatible for Editor in 0.39 ms, found 2 plugins.
Preloading 0 native plugins for Editor in 0.00 ms.
Unloading 3395 Unused Serialized files (Serialized files now loaded: 0)
System memory in use before: 135.0 MB.
System memory in use after: 135.1 MB.

Unloading 16 unused Assets to reduce memory usage. Loaded Objects now: 3956.
Total: 1.548200 ms (FindLiveObjects: 0.145300 ms CreateObjectMapping: 0.075500 ms MarkObjects: 1.258700 ms  DeleteObjects: 0.067500 ms)

========================================================================
Received Prepare
Registering precompiled user dll's ...
Registered in 0.001522 seconds.
Begin MonoManager ReloadAssembly
Symbol file LoadedFromMemory doesn't match image C:\Users\Cezeta\Desktop\Prototype\Prototype\Library\PackageCache\com.unity.visualscripting@1.6.1\Editor\VisualScripting.Core\Dependencies\YamlDotNet\Unity.VisualScripting.YamlDotNet.dll
Symbol file LoadedFromMemory doesn't match image C:\Users\Cezeta\Desktop\Prototype\Prototype\Library\PackageCache\com.unity.visualscripting@1.6.1\Editor\VisualScripting.Core\Dependencies\DotNetZip\Unity.VisualScripting.IonicZip.dll
Native extension for WindowsStandalone target not found
Refreshing native plugins compatible for Editor in 0.39 ms, found 2 plugins.
Preloading 0 native plugins for Editor in 0.00 ms.
Mono: successfully reloaded assembly
- Completed reload, in  0.622 seconds
Platform modules already initialized, skipping
Refreshing native plugins compatible for Editor in 0.39 ms, found 2 plugins.
Preloading 0 native plugins for Editor in 0.00 ms.
Unloading 3395 Unused Serialized files (Serialized files now loaded: 0)
System memory in use before: 135.0 MB.
System memory in use after: 135.1 MB.

Unloading 16 unused Assets to reduce memory usage. Loaded Objects now: 3960.
Total: 1.550400 ms (FindLiveObjects: 0.150100 ms CreateObjectMapping: 0.076100 ms MarkObjects: 1.220900 ms  DeleteObjects: 0.102500 ms)

========================================================================
Received Prepare
Refreshing native plugins compatible for Editor in 1.65 ms, found 2 plugins.
Preloading 0 native plugins for Editor in 0.00 ms.
Unloading 14 Unused Serialized files (Serialized files now loaded: 0)
System memory in use before: 68.1 MB.
System memory in use after: 68.2 MB.

Unloading 14 unused Assets to reduce memory usage. Loaded Objects now: 3960.
Total: 1.697500 ms (FindLiveObjects: 0.167600 ms CreateObjectMapping: 0.095400 ms MarkObjects: 1.356300 ms  DeleteObjects: 0.077500 ms)

AssetImportWorkerClient::OnTransportError - code=2 error=End of file
